<?xml version="1.0" encoding="UTF-8"?>
<!-- Generated by org.testng.reporters.JUnitReportReporter -->
<testsuite skipped="0" hostname="INCLPT0012" name="testng.PriorityEx" tests="3" failures="0" timestamp="2018-11-12T20:15:41 IST" time="7.505" errors="0">
  <testcase name="print1" time="2.501" classname="testng.PriorityEx"/>
  <testcase name="print2" time="2.503" classname="testng.PriorityEx"/>
  <testcase name="print3" time="2.501" classname="testng.PriorityEx"/>
</testsuite> <!-- testng.PriorityEx -->
