<?xml version="1.0" encoding="UTF-8"?>
<!-- Generated by org.testng.reporters.JUnitReportReporter -->
<testsuite skipped="0" hostname="INCLPT0012" name="testng.AssertEx" tests="3" failures="0" timestamp="2018-11-10T10:00:09 IST" time="3.492" errors="0">
  <testcase name="enterSearchText" time="2.188" classname="testng.AssertEx"/>
  <testcase name="navigateBack" time="1.287" classname="testng.AssertEx"/>
  <testcase name="checkTitle" time="0.017" classname="testng.AssertEx"/>
</testsuite> <!-- testng.AssertEx -->
