<?xml version="1.0" encoding="UTF-8"?>
<!-- Generated by org.testng.reporters.JUnitReportReporter -->
<testsuite skipped="1" hostname="INCLPT0012" name="testng.PriorityEx" tests="3" failures="0" timestamp="2018-11-10T09:47:02 IST" time="5.018" errors="0">
  <testcase name="print3" time="2.517" classname="testng.PriorityEx"/>
  <testcase name="print1" time="2.501" classname="testng.PriorityEx"/>
  <testcase name="print2" classname="testng.PriorityEx">
    <skipped/>
  </testcase> <!-- print2 -->
</testsuite> <!-- testng.PriorityEx -->
