<?xml version="1.0" encoding="UTF-8"?>
<!-- Generated by org.testng.reporters.JUnitReportReporter -->
<testsuite skipped="0" hostname="INCLPT0012" name="testng.dataprovider.FnameLname_Xml" tests="1" failures="0" timestamp="2018-11-15T12:58:40 IST" time="0.024" errors="0">
  <testcase name="testRun" time="0.024" classname="testng.dataprovider.FnameLname_Xml"/>
</testsuite> <!-- testng.dataprovider.FnameLname_Xml -->
