<?xml version="1.0" encoding="UTF-8"?>
<!-- Generated by org.testng.reporters.JUnitReportReporter -->
<testsuite skipped="1" hostname="INCLPT0012" name="testng.Fb" tests="3" failures="0" timestamp="2018-11-10T09:47:02 IST" time="0.029" errors="0">
  <testcase name="checkTitle" time="0.029" classname="testng.Fb"/>
  <testcase name="print1" time="0.000" classname="testng.Fb"/>
  <testcase name="print" classname="testng.Fb">
    <skipped/>
  </testcase> <!-- print -->
</testsuite> <!-- testng.Fb -->
